* Starting client
* Connecting to master process on port 8545
* Analyzing classpath: 
  - /home/ali/University/master/Advanced Software Testing/HWs/HW3/CA4/target/classes
  - /home/ali/.m2/repository/junit/junit/4.12/junit-4.12.jar
  - /home/ali/.m2/repository/org/hamcrest/hamcrest-core/1.3/hamcrest-core-1.3.jar
* Finished analyzing classpath
* Generating tests for class ir.ramtung.impl1.DuplicateDocumentEx
* Test criteria:
  - Line Coverage
  - Branch Coverage
  - Exception
  - Mutation testing (weak)
  - Method-Output Coverage
  - Top-Level Method Coverage
  - No-Exception Top-Level Method Coverage
  - Context Branch Coverage
* Setting up search algorithm for whole suite generation
[MASTER] 11:10:04.255 [pool-2-thread-1] WARN  TestSuiteSerialization - Cannot load tests because file does not exist: /home/ali/University/master/Advanced Software Testing/HWs/HW3/CA4/.evosuite/evosuite-seeds/ir.ramtung.impl1.DuplicateDocumentEx.seed
* Loaded 0 tests from /home/ali/University/master/Advanced Software Testing/HWs/HW3/CA4/.evosuite/evosuite-seeds/ir.ramtung.impl1.DuplicateDocumentEx.seed
* Total number of test goals: 
  - Line 2
  - Branch 1
  - Exception 0
  - MutationFactory 0
  - Output 0
  - Method 1
  - MethodNoException 1
  - CBranchFitnessFactory 1
* Using seed 1717573203492
* Starting evolution
* Search finished after 0s and 0 generations, 3388 statements, best individual has fitness: 1.0
* Writing sequences to pool
* Minimizing test suite
* Going to analyze the coverage criteria
* Coverage analysis for criterion LINE
* Coverage of criterion LINE: 100%
* Total number of goals: 2
* Number of covered goals: 2
* Coverage analysis for criterion BRANCH
* Coverage of criterion BRANCH: 100%
* Total number of goals: 1
* Number of covered goals: 1
* Coverage analysis for criterion EXCEPTION
* Coverage of criterion EXCEPTION: 100% (no goals)
* Coverage analysis for criterion WEAKMUTATION
* Coverage of criterion WEAKMUTATION: 100% (no goals)
* Coverage analysis for criterion OUTPUT
* Coverage of criterion OUTPUT: 100% (no goals)
* Coverage analysis for criterion METHOD
* Coverage of criterion METHOD: 100%
* Total number of goals: 1
* Number of covered goals: 1
* Coverage analysis for criterion METHODNOEXCEPTION
* Coverage of criterion METHODNOEXCEPTION: 100%
* Total number of goals: 1
* Number of covered goals: 1
* Coverage analysis for criterion CBRANCH
* Coverage of criterion CBRANCH: 100%
* Total number of goals: 1
* Number of covered goals: 1
* Generated 1 tests with total length 1
* Resulting test suite's coverage: 100% (average coverage for all fitness functions)
* Generating assertions
* Resulting test suite's mutation score: 100%
* Compiling and checking tests
* Permissions denied during test execution: 
  - java.lang.RuntimePermission: 
         writeFileDescriptor: 2
* Writing JUnit test case 'DuplicateDocumentEx_ESTest' to /home/ali/University/master/Advanced Software Testing/HWs/HW3/CA4/.evosuite/tmp_2024_06_05_10_49_20/tests
* Done!

