* Starting client
* Connecting to master process on port 21881
* Analyzing classpath: 
  - /home/ali/University/master/Advanced Software Testing/HWs/HW3/CA4/target/classes
  - /home/ali/.m2/repository/junit/junit/4.12/junit-4.12.jar
  - /home/ali/.m2/repository/org/hamcrest/hamcrest-core/1.3/hamcrest-core-1.3.jar
* Finished analyzing classpath
* Generating tests for class ir.ramtung.impl1.Library
* Test criteria:
  - Line Coverage
  - Branch Coverage
  - Exception
  - Mutation testing (weak)
  - Method-Output Coverage
  - Top-Level Method Coverage
  - No-Exception Top-Level Method Coverage
  - Context Branch Coverage
* Setting up search algorithm for whole suite generation
[MASTER] 10:54:42.353 [pool-2-thread-1] WARN  TestSuiteSerialization - Cannot load tests because file does not exist: /home/ali/University/master/Advanced Software Testing/HWs/HW3/CA4/.evosuite/evosuite-seeds/ir.ramtung.impl1.Library.seed
* Loaded 0 tests from /home/ali/University/master/Advanced Software Testing/HWs/HW3/CA4/.evosuite/evosuite-seeds/ir.ramtung.impl1.Library.seed
* Total number of test goals: 
  - Line 95
  - Branch 67
  - Exception 0
  - MutationFactory 158
  - Output 9
  - Method 12
  - MethodNoException 12
  - CBranchFitnessFactory 67
* Using seed 1717572281607
* Starting evolution
* Search finished after 259s and 5441 generations, 840649 statements, best individual has fitness: 17.924242424242422
* Writing sequences to pool
* Minimizing test suite
* Going to analyze the coverage criteria
* Coverage analysis for criterion LINE
* Coverage of criterion LINE: 100%
* Total number of goals: 95
* Number of covered goals: 95
* Coverage analysis for criterion BRANCH
* Coverage of criterion BRANCH: 96%
* Total number of goals: 67
* Number of covered goals: 64
* Coverage analysis for criterion EXCEPTION
* Coverage of criterion EXCEPTION: 100%
* Total number of goals: 10
* Number of covered goals: 10
* Coverage analysis for criterion WEAKMUTATION
* Coverage of criterion WEAKMUTATION: 94%
* Total number of goals: 158
* Number of covered goals: 149
* Coverage analysis for criterion OUTPUT
* Coverage of criterion OUTPUT: 67%
* Total number of goals: 9
* Number of covered goals: 6
* Coverage analysis for criterion METHOD
* Coverage of criterion METHOD: 100%
* Total number of goals: 12
* Number of covered goals: 12
* Coverage analysis for criterion METHODNOEXCEPTION
* Coverage of criterion METHODNOEXCEPTION: 100%
* Total number of goals: 12
* Number of covered goals: 12
* Coverage analysis for criterion CBRANCH
* Coverage of criterion CBRANCH: 96%
* Total number of goals: 67
* Number of covered goals: 64
* Generated 26 tests with total length 91
* Resulting test suite's coverage: 94% (average coverage for all fitness functions)
* Generating assertions
* Resulting test suite's mutation score: 59%
* Compiling and checking tests
* Writing JUnit test case 'Library_ESTest' to /home/ali/University/master/Advanced Software Testing/HWs/HW3/CA4/.evosuite/tmp_2024_06_05_10_49_20/tests
* Done!

